#
# There is insufficient memory for the Java Runtime Environment to continue.
# Native memory allocation (malloc) failed to allocate 75856 bytes for Chunk::new
# Possible reasons:
#   The system is out of physical RAM or swap space
#   The process is running with CompressedOops enabled, and the Java Heap may be blocking the growth of the native heap
# Possible solutions:
#   Reduce memory load on the system
#   Increase physical memory or swap space
#   Check if swap backing store is full
#   Decrease Java heap size (-Xmx/-Xms)
#   Decrease number of Java threads
#   Decrease Java thread stack sizes (-Xss)
#   Set larger code cache with -XX:ReservedCodeCacheSize=
#   JVM is running with Zero Based Compressed Oops mode in which the Java heap is
#     placed in the first 32GB address space. The Java Heap base address is the
#     maximum limit for the native heap growth. Please use -XX:HeapBaseMinAddress
#     to set the Java Heap base and to place the Java Heap above 32GB virtual address.
# This output file may be truncated or incomplete.
#
#  Out of Memory Error (allocation.cpp:389), pid=274360, tid=0x0000000000042b3c
#
# JRE version: Java(TM) SE Runtime Environment (8.0_241-b07) (build 1.8.0_241-b07)
# Java VM: Java HotSpot(TM) 64-Bit Server VM (25.241-b07 mixed mode windows-amd64 compressed oops)
# Failed to write core dump. Minidumps are not enabled by default on client versions of Windows
#

---------------  T H R E A D  ---------------

Current thread (0x000000001eb2c000):  JavaThread "C2 CompilerThread2" daemon [_thread_in_native, id=273212, stack(0x000000001f5f0000,0x000000001f6f0000)]

Stack: [0x000000001f5f0000,0x000000001f6f0000]
[error occurred during error reporting (printing stack bounds), id 0xc0000005]

Native frames: (J=compiled Java code, j=interpreted, Vv=VM code, C=native code)


Current CompileTask:
C2:   7980 1902       4       com.sun.javafx.event.EventHandlerManager::dispatchCapturingEvent (23 bytes)


---------------  P R O C E S S  ---------------

Java Threads: ( => current thread )
  0x000000001fcfb800 JavaThread "Prism Font Disposer" daemon [_thread_blocked, id=275132, stack(0x0000000029a80000,0x0000000029b80000)]
  0x000000001fb1a800 JavaThread "Thread-3" daemon [_thread_in_native, id=275176, stack(0x00000000275b0000,0x00000000276b0000)]
  0x000000001fb5d800 JavaThread "JavaFX-Launcher" [_thread_blocked, id=275172, stack(0x00000000276b0000,0x00000000277b0000)]
  0x000000001fad2000 JavaThread "JavaFX Application Thread" [_thread_in_native, id=275216, stack(0x0000000020e90000,0x0000000020f90000)]
  0x000000001fac4800 JavaThread "Thread-1" daemon [_thread_blocked, id=275212, stack(0x0000000020d90000,0x0000000020e90000)]
  0x000000001fa54800 JavaThread "QuantumRenderer-0" daemon [_thread_blocked, id=272440, stack(0x00000000203b0000,0x00000000204b0000)]
  0x000000001ebc7000 JavaThread "Service Thread" daemon [_thread_blocked, id=274804, stack(0x000000001f7f0000,0x000000001f8f0000)]
  0x000000001eb34000 JavaThread "C1 CompilerThread3" daemon [_thread_blocked, id=46764, stack(0x000000001f6f0000,0x000000001f7f0000)]
=>0x000000001eb2c000 JavaThread "C2 CompilerThread2" daemon [_thread_in_native, id=273212, stack(0x000000001f5f0000,0x000000001f6f0000)]
  0x000000001cd3d800 JavaThread "C2 CompilerThread1" daemon [_thread_blocked, id=273476, stack(0x000000001f4f0000,0x000000001f5f0000)]
  0x000000001cd3a000 JavaThread "C2 CompilerThread0" daemon [_thread_blocked, id=167984, stack(0x000000001f3f0000,0x000000001f4f0000)]
  0x000000001eb25800 JavaThread "Attach Listener" daemon [_thread_blocked, id=269988, stack(0x000000001f2f0000,0x000000001f3f0000)]
  0x000000001eb22800 JavaThread "Signal Dispatcher" daemon [_thread_blocked, id=175920, stack(0x000000001f1f0000,0x000000001f2f0000)]
  0x000000001eb10800 JavaThread "Finalizer" daemon [_thread_blocked, id=270528, stack(0x000000001eff0000,0x000000001f0f0000)]
  0x00000000032c7800 JavaThread "Reference Handler" daemon [_thread_blocked, id=11548, stack(0x000000001eef0000,0x000000001eff0000)]
  0x00000000031cd800 JavaThread "main" [_thread_blocked, id=273356, stack(0x0000000003070000,0x0000000003170000)]

Other Threads:
  0x000000001cd29800 VMThread [stack: 0x000000001e9f0000,0x000000001eaf0000] [id=275184]
  0x000000001ebe1000 WatcherThread [stack: 0x000000001f8f0000,0x000000001f9f0000] [id=274796]

VM state:not at safepoint (normal execution)

VM Mutex/Monitor currently owned by a thread: None

heap address: 0x00000006c1400000, size: 4076 MB, Compressed Oops mode: Zero based, Oop shift amount: 3
Narrow klass base: 0x0000000000000000, Narrow klass shift: 3
Compressed class space size: 1073741824 Address: 0x00000007c0000000

Heap:
 PSYoungGen      total 76288K, used 48560K [0x000000076b180000, 0x0000000770680000, 0x00000007c0000000)
  eden space 65536K, 74% used [0x000000076b180000,0x000000076e0ec3c0,0x000000076f180000)
  from space 10752K, 0% used [0x000000076fc00000,0x000000076fc00000,0x0000000770680000)
  to   space 10752K, 0% used [0x000000076f180000,0x000000076f180000,0x000000076fc00000)
 ParOldGen       total 175104K, used 0K [0x00000006c1400000, 0x00000006cbf00000, 0x000000076b180000)
  object space 175104K, 0% used [0x00000006c1400000,0x00000006c1400000,0x00000006cbf00000)
 Metaspace       used 16932K, capacity 17854K, committed 18048K, reserved 1064960K
  class space    used 2452K, capacity 2659K, committed 2688K, reserved 1048576K

Card table byte_map: [0x0000000012690000,0x0000000012e90000] byte_map_base: 0x000000000f086000

Marking Bits: (ParMarkBitMap*) 0x000000006918be30
 Begin Bits: [0x0000000013be0000, 0x0000000017b90000)
 End Bits:   [0x0000000017b90000, 0x000000001bb40000)

Polling page: 0x0000000001160000

CodeCache: size=245760Kb used=6024Kb max_used=6039Kb free=239735Kb
 bounds [0x00000000032d0000, 0x00000000038c0000, 0x00000000122d0000]
 total_blobs=2549 nmethods=1902 adapters=558
 compilation: enabled

Compilation events (10 events):
Event: 7.130 Thread 0x000000001eb34000 1898   !   3       javafx.scene.CssStyleHelper::transitionToState (1075 bytes)
Event: 7.144 Thread 0x000000001eb34000 nmethod 1898 0x00000000038a24d0 code [0x00000000038a2f20, 0x00000000038aaee8]
Event: 7.513 Thread 0x000000001eb34000 1899       3       com.sun.glass.ui.win.WinTimer::_pause (1 bytes)
Event: 7.513 Thread 0x000000001eb34000 nmethod 1899 0x00000000038b17d0 code [0x00000000038b1920, 0x00000000038b1a70]
Event: 7.878 Thread 0x000000001cd3a000 1900       4       com.sun.javafx.event.EventDispatchChainImpl::dispatchEvent (101 bytes)
Event: 7.880 Thread 0x000000001cd3a000 nmethod 1900 0x00000000038b4890 code [0x00000000038b49e0, 0x00000000038b4b78]
Event: 7.898 Thread 0x000000001eb34000 1901       3       javafx.beans.property.BooleanPropertyBase::fireValueChangedEvent (8 bytes)
Event: 7.898 Thread 0x000000001eb34000 nmethod 1901 0x00000000038b4390 code [0x00000000038b4500, 0x00000000038b47a8]
Event: 7.922 Thread 0x000000001eb2c000 1902       4       com.sun.javafx.event.EventHandlerManager::dispatchCapturingEvent (23 bytes)
Event: 7.960 Thread 0x000000001cd3d800 1903       4       com.sun.javafx.scene.input.InputEventUtils::recomputeCoordinates (220 bytes)

GC Heap History (0 events):
No events

Deoptimization events (10 events):
Event: 0.742 Thread 0x000000001fad2000 Uncommon trap: reason=class_check action=maybe_recompile pc=0x00000000033f13c0 method=java.lang.String.equals(Ljava/lang/Object;)Z @ 8
Event: 0.742 Thread 0x000000001fad2000 Uncommon trap: reason=class_check action=maybe_recompile pc=0x00000000033f13c0 method=java.lang.String.equals(Ljava/lang/Object;)Z @ 8
Event: 0.753 Thread 0x000000001fad2000 Uncommon trap: reason=unstable_if action=reinterpret pc=0x00000000036011b4 method=java.lang.String.regionMatches(ZILjava/lang/String;II)Z @ 123
Event: 0.767 Thread 0x000000001fad2000 Uncommon trap: reason=class_check action=maybe_recompile pc=0x00000000033f13c0 method=java.lang.String.equals(Ljava/lang/Object;)Z @ 8
Event: 0.943 Thread 0x000000001fad2000 Uncommon trap: reason=array_check action=maybe_recompile pc=0x000000000371f284 method=com.sun.javafx.css.SimpleSelector.applies(Ljavafx/css/Styleable;[Ljava/util/Set;I)Z @ 37
Event: 0.943 Thread 0x000000001fad2000 Uncommon trap: reason=array_check action=maybe_recompile pc=0x000000000371f284 method=com.sun.javafx.css.SimpleSelector.applies(Ljavafx/css/Styleable;[Ljava/util/Set;I)Z @ 37
Event: 0.943 Thread 0x000000001fad2000 Uncommon trap: reason=array_check action=maybe_recompile pc=0x000000000371f284 method=com.sun.javafx.css.SimpleSelector.applies(Ljavafx/css/Styleable;[Ljava/util/Set;I)Z @ 37
Event: 0.943 Thread 0x000000001fad2000 Uncommon trap: reason=array_check action=maybe_recompile pc=0x000000000371f284 method=com.sun.javafx.css.SimpleSelector.applies(Ljavafx/css/Styleable;[Ljava/util/Set;I)Z @ 37
Event: 5.624 Thread 0x000000001fad2000 Uncommon trap: reason=unstable_if action=reinterpret pc=0x000000000384dd18 method=javafx.scene.Node.updateGeomBounds()V @ 4
Event: 5.624 Thread 0x000000001fad2000 Uncommon trap: reason=unstable_if action=reinterpret pc=0x0000000003787664 method=jdk.internal.org.objectweb.asm.Item.isEqualTo(Ljdk/internal/org/objectweb/asm/Item;)Z @ 331

Classes redefined (0 events):
No events

Internal exceptions (10 events):
Event: 0.588 Thread 0x000000001fad2000 Exception <a 'java/lang/ArrayIndexOutOfBoundsException'> (0x000000076c7e8310) thrown at [C:\ade\jenkins\workspace\8-2-build-windows-amd64-cygwin\jdk8u241\331\hotspot\src\share\vm\runtime\sharedRuntime.cpp, line 605]
Event: 0.588 Thread 0x000000001fad2000 Exception <a 'java/lang/ArrayIndexOutOfBoundsException'> (0x000000076c7e9b80) thrown at [C:\ade\jenkins\workspace\8-2-build-windows-amd64-cygwin\jdk8u241\331\hotspot\src\share\vm\runtime\sharedRuntime.cpp, line 605]
Event: 0.616 Thread 0x000000001fad2000 Implicit null exception at 0x000000000355db35 to 0x000000000355dd35
Event: 1.040 Thread 0x000000001fa54800 Exception <a 'java/lang/NullPointerException'> (0x000000076d8a9690) thrown at [C:\ade\jenkins\workspace\8-2-build-windows-amd64-cygwin\jdk8u241\331\hotspot\src\share\vm\interpreter\linkResolver.cpp, line 1287]
Event: 1.500 Thread 0x000000001fa54800 Exception <a 'java/lang/NullPointerException'> (0x000000076d8b2cc8) thrown at [C:\ade\jenkins\workspace\8-2-build-windows-amd64-cygwin\jdk8u241\331\hotspot\src\share\vm\interpreter\linkResolver.cpp, line 1287]
Event: 1.516 Thread 0x000000001fa54800 Exception <a 'java/lang/NullPointerException'> (0x000000076d8bb620) thrown at [C:\ade\jenkins\workspace\8-2-build-windows-amd64-cygwin\jdk8u241\331\hotspot\src\share\vm\interpreter\linkResolver.cpp, line 1287]
Event: 3.209 Thread 0x000000001fa54800 Exception <a 'java/lang/NullPointerException'> (0x000000076d8d9880) thrown at [C:\ade\jenkins\workspace\8-2-build-windows-amd64-cygwin\jdk8u241\331\hotspot\src\share\vm\interpreter\linkResolver.cpp, line 1287]
Event: 3.227 Thread 0x000000001fa54800 Exception <a 'java/lang/NullPointerException'> (0x000000076d8e3330) thrown at [C:\ade\jenkins\workspace\8-2-build-windows-amd64-cygwin\jdk8u241\331\hotspot\src\share\vm\interpreter\linkResolver.cpp, line 1287]
Event: 3.733 Thread 0x000000001fa54800 Exception <a 'java/lang/NullPointerException'> (0x000000076d943260) thrown at [C:\ade\jenkins\workspace\8-2-build-windows-amd64-cygwin\jdk8u241\331\hotspot\src\share\vm\interpreter\linkResolver.cpp, line 1287]
Event: 3.757 Thread 0x000000001fa54800 Exception <a 'java/lang/NullPointerException'> (0x000000076d952d68) thrown at [C:\ade\jenkins\workspace\8-2-build-windows-amd64-cygwin\jdk8u241\331\hotspot\src\share\vm\interpreter\linkResolver.cpp, line 1287]

Events (10 events):
Event: 5.624 Thread 0x000000001fad2000 DEOPT UNPACKING pc=0x000000000331583b sp=0x0000000020f8ac58 mode 2
Event: 5.624 loading class com/sun/javafx/tk/quantum/QuantumToolkit
Event: 5.624 loading class com/sun/javafx/tk/quantum/QuantumToolkit done
Event: 5.624 loading class com/sun/javafx/tk/quantum/QuantumToolkit
Event: 5.624 loading class com/sun/javafx/tk/quantum/QuantumToolkit done
Event: 5.624 Thread 0x000000001fad2000 Uncommon trap: trap_request=0xffffff65 fr.pc=0x0000000003787664
Event: 5.624 Thread 0x000000001fad2000 DEOPT PACKING pc=0x0000000003787664 sp=0x0000000020f8af30
Event: 5.624 Thread 0x000000001fad2000 DEOPT UNPACKING pc=0x000000000331583b sp=0x0000000020f8aec8 mode 2
Event: 5.625 loading class com/sun/javafx/tk/RenderJob
Event: 5.625 loading class com/sun/javafx/tk/RenderJob done


Dynamic libraries:
0x00007ff6d7230000 - 0x00007ff6d7267000 	C:\Program Files\Java\jdk1.8.0_241\jre\bin\java.exe
0x00007ffc75340000 - 0x00007ffc75530000 	C:\WINDOWS\SYSTEM32\ntdll.dll
0x00007ffc74d10000 - 0x00007ffc74dc2000 	C:\WINDOWS\System32\KERNEL32.DLL
0x00007ffc73140000 - 0x00007ffc733e3000 	C:\WINDOWS\System32\KERNELBASE.dll
0x00007ffc75110000 - 0x00007ffc751b3000 	C:\WINDOWS\System32\ADVAPI32.dll
0x00007ffc73fc0000 - 0x00007ffc7405e000 	C:\WINDOWS\System32\msvcrt.dll
0x00007ffc73e00000 - 0x00007ffc73e97000 	C:\WINDOWS\System32\sechost.dll
0x00007ffc73bc0000 - 0x00007ffc73ce0000 	C:\WINDOWS\System32\RPCRT4.dll
0x00007ffc748c0000 - 0x00007ffc74a54000 	C:\WINDOWS\System32\USER32.dll
0x00007ffc72510000 - 0x00007ffc72531000 	C:\WINDOWS\System32\win32u.dll
0x00007ffc743c0000 - 0x00007ffc743e6000 	C:\WINDOWS\System32\GDI32.dll
0x00007ffc72fa0000 - 0x00007ffc73134000 	C:\WINDOWS\System32\gdi32full.dll
0x00007ffc722d0000 - 0x00007ffc7236e000 	C:\WINDOWS\System32\msvcp_win.dll
0x00007ffc723c0000 - 0x00007ffc724ba000 	C:\WINDOWS\System32\ucrtbase.dll
0x00007ffc5ff60000 - 0x00007ffc601e5000 	C:\WINDOWS\WinSxS\amd64_microsoft.windows.common-controls_6595b64144ccf1df_6.0.18362.535_none_e6c3b34713100821\COMCTL32.dll
0x00007ffc74dd0000 - 0x00007ffc75106000 	C:\WINDOWS\System32\combase.dll
0x00007ffc72540000 - 0x00007ffc725c0000 	C:\WINDOWS\System32\bcryptPrimitives.dll
0x00007ffc73b60000 - 0x00007ffc73b8e000 	C:\WINDOWS\System32\IMM32.DLL
0x0000000068880000 - 0x0000000068952000 	C:\Program Files\Java\jdk1.8.0_241\jre\bin\msvcr100.dll
0x0000000068960000 - 0x000000006920c000 	C:\Program Files\Java\jdk1.8.0_241\jre\bin\server\jvm.dll
0x00007ffc73b90000 - 0x00007ffc73b98000 	C:\WINDOWS\System32\PSAPI.DLL
0x00007ffc66ff0000 - 0x00007ffc66ff9000 	C:\WINDOWS\SYSTEM32\WSOCK32.dll
0x00007ffc66d00000 - 0x00007ffc66d24000 	C:\WINDOWS\SYSTEM32\WINMM.dll
0x00007ffc6c9e0000 - 0x00007ffc6c9ea000 	C:\WINDOWS\SYSTEM32\VERSION.dll
0x00007ffc73d90000 - 0x00007ffc73dff000 	C:\WINDOWS\System32\WS2_32.dll
0x00007ffc66cd0000 - 0x00007ffc66cfd000 	C:\WINDOWS\SYSTEM32\WINMMBASE.dll
0x00007ffc72370000 - 0x00007ffc723ba000 	C:\WINDOWS\System32\cfgmgr32.dll
0x00007ffc6e230000 - 0x00007ffc6e23f000 	C:\Program Files\Java\jdk1.8.0_241\jre\bin\verify.dll
0x00007ffc66740000 - 0x00007ffc66769000 	C:\Program Files\Java\jdk1.8.0_241\jre\bin\java.dll
0x00007ffc6d8d0000 - 0x00007ffc6d8e6000 	C:\Program Files\Java\jdk1.8.0_241\jre\bin\zip.dll
0x00007ffc73470000 - 0x00007ffc73b55000 	C:\WINDOWS\System32\SHELL32.dll
0x00007ffc73f10000 - 0x00007ffc73fb9000 	C:\WINDOWS\System32\shcore.dll
0x00007ffc72820000 - 0x00007ffc72f9f000 	C:\WINDOWS\System32\windows.storage.dll
0x00007ffc72270000 - 0x00007ffc7228f000 	C:\WINDOWS\System32\profapi.dll
0x00007ffc72220000 - 0x00007ffc7226a000 	C:\WINDOWS\System32\powrprof.dll
0x00007ffc72210000 - 0x00007ffc72220000 	C:\WINDOWS\System32\UMPDC.dll
0x00007ffc743f0000 - 0x00007ffc74442000 	C:\WINDOWS\System32\shlwapi.dll
0x00007ffc72290000 - 0x00007ffc722a1000 	C:\WINDOWS\System32\kernel.appcore.dll
0x00007ffc724c0000 - 0x00007ffc724d7000 	C:\WINDOWS\System32\cryptsp.dll
0x00000000016f0000 - 0x00000000016f3000 	C:\Program Files\Java\jdk1.8.0_241\jre\bin\api-ms-win-core-console-l1-1-0.dll
0x0000000001700000 - 0x0000000001703000 	C:\Program Files\Java\jdk1.8.0_241\jre\bin\api-ms-win-core-datetime-l1-1-0.dll
0x0000000003010000 - 0x0000000003013000 	C:\Program Files\Java\jdk1.8.0_241\jre\bin\api-ms-win-core-debug-l1-1-0.dll
0x0000000003020000 - 0x0000000003023000 	C:\Program Files\Java\jdk1.8.0_241\jre\bin\api-ms-win-core-errorhandling-l1-1-0.dll
0x0000000003030000 - 0x0000000003034000 	C:\Program Files\Java\jdk1.8.0_241\jre\bin\api-ms-win-core-file-l1-1-0.dll
0x0000000003040000 - 0x0000000003043000 	C:\Program Files\Java\jdk1.8.0_241\jre\bin\api-ms-win-core-file-l1-2-0.dll
0x0000000003050000 - 0x0000000003053000 	C:\Program Files\Java\jdk1.8.0_241\jre\bin\api-ms-win-core-file-l2-1-0.dll
0x0000000003170000 - 0x0000000003173000 	C:\Program Files\Java\jdk1.8.0_241\jre\bin\api-ms-win-core-handle-l1-1-0.dll
0x0000000003180000 - 0x0000000003183000 	C:\Program Files\Java\jdk1.8.0_241\jre\bin\api-ms-win-core-heap-l1-1-0.dll
0x0000000003190000 - 0x0000000003193000 	C:\Program Files\Java\jdk1.8.0_241\jre\bin\api-ms-win-core-interlocked-l1-1-0.dll
0x00000000031a0000 - 0x00000000031a3000 	C:\Program Files\Java\jdk1.8.0_241\jre\bin\api-ms-win-core-libraryloader-l1-1-0.dll
0x00000000031b0000 - 0x00000000031b3000 	C:\Program Files\Java\jdk1.8.0_241\jre\bin\api-ms-win-core-localization-l1-2-0.dll
0x00000000201f0000 - 0x00000000201f3000 	C:\Program Files\Java\jdk1.8.0_241\jre\bin\api-ms-win-core-memory-l1-1-0.dll
0x0000000020200000 - 0x0000000020203000 	C:\Program Files\Java\jdk1.8.0_241\jre\bin\api-ms-win-core-namedpipe-l1-1-0.dll
0x0000000020210000 - 0x0000000020213000 	C:\Program Files\Java\jdk1.8.0_241\jre\bin\api-ms-win-core-processenvironment-l1-1-0.dll
0x0000000020220000 - 0x0000000020223000 	C:\Program Files\Java\jdk1.8.0_241\jre\bin\api-ms-win-core-processthreads-l1-1-0.dll
0x0000000020230000 - 0x0000000020233000 	C:\Program Files\Java\jdk1.8.0_241\jre\bin\api-ms-win-core-processthreads-l1-1-1.dll
0x0000000020240000 - 0x0000000020243000 	C:\Program Files\Java\jdk1.8.0_241\jre\bin\api-ms-win-core-profile-l1-1-0.dll
0x0000000020250000 - 0x0000000020253000 	C:\Program Files\Java\jdk1.8.0_241\jre\bin\api-ms-win-core-rtlsupport-l1-1-0.dll
0x0000000020260000 - 0x0000000020263000 	C:\Program Files\Java\jdk1.8.0_241\jre\bin\api-ms-win-core-string-l1-1-0.dll
0x0000000020270000 - 0x0000000020273000 	C:\Program Files\Java\jdk1.8.0_241\jre\bin\api-ms-win-core-synch-l1-1-0.dll
0x0000000020280000 - 0x0000000020283000 	C:\Program Files\Java\jdk1.8.0_241\jre\bin\api-ms-win-core-synch-l1-2-0.dll
0x0000000020290000 - 0x0000000020293000 	C:\Program Files\Java\jdk1.8.0_241\jre\bin\api-ms-win-core-sysinfo-l1-1-0.dll
0x00000000202a0000 - 0x00000000202a3000 	C:\Program Files\Java\jdk1.8.0_241\jre\bin\api-ms-win-core-timezone-l1-1-0.dll
0x00000000202b0000 - 0x00000000202b3000 	C:\Program Files\Java\jdk1.8.0_241\jre\bin\api-ms-win-core-util-l1-1-0.dll
0x00000000202c0000 - 0x00000000202c3000 	C:\Program Files\Java\jdk1.8.0_241\jre\bin\api-ms-win-crt-conio-l1-1-0.dll
0x00000000202d0000 - 0x00000000202d4000 	C:\Program Files\Java\jdk1.8.0_241\jre\bin\api-ms-win-crt-convert-l1-1-0.dll
0x00000000202e0000 - 0x00000000202e3000 	C:\Program Files\Java\jdk1.8.0_241\jre\bin\api-ms-win-crt-environment-l1-1-0.dll
0x00000000202f0000 - 0x00000000202f3000 	C:\Program Files\Java\jdk1.8.0_241\jre\bin\api-ms-win-crt-filesystem-l1-1-0.dll
0x0000000020300000 - 0x0000000020303000 	C:\Program Files\Java\jdk1.8.0_241\jre\bin\api-ms-win-crt-heap-l1-1-0.dll
0x0000000020310000 - 0x0000000020313000 	C:\Program Files\Java\jdk1.8.0_241\jre\bin\api-ms-win-crt-locale-l1-1-0.dll
0x0000000020320000 - 0x0000000020325000 	C:\Program Files\Java\jdk1.8.0_241\jre\bin\api-ms-win-crt-math-l1-1-0.dll
0x0000000020330000 - 0x0000000020335000 	C:\Program Files\Java\jdk1.8.0_241\jre\bin\api-ms-win-crt-multibyte-l1-1-0.dll
0x0000000020340000 - 0x0000000020350000 	C:\Program Files\Java\jdk1.8.0_241\jre\bin\api-ms-win-crt-private-l1-1-0.dll
0x0000000020350000 - 0x0000000020353000 	C:\Program Files\Java\jdk1.8.0_241\jre\bin\api-ms-win-crt-process-l1-1-0.dll
0x0000000020360000 - 0x0000000020364000 	C:\Program Files\Java\jdk1.8.0_241\jre\bin\api-ms-win-crt-runtime-l1-1-0.dll
0x0000000020370000 - 0x0000000020374000 	C:\Program Files\Java\jdk1.8.0_241\jre\bin\api-ms-win-crt-stdio-l1-1-0.dll
0x0000000020380000 - 0x0000000020384000 	C:\Program Files\Java\jdk1.8.0_241\jre\bin\api-ms-win-crt-string-l1-1-0.dll
0x0000000020390000 - 0x0000000020393000 	C:\Program Files\Java\jdk1.8.0_241\jre\bin\api-ms-win-crt-time-l1-1-0.dll
0x00000000203a0000 - 0x00000000203a3000 	C:\Program Files\Java\jdk1.8.0_241\jre\bin\api-ms-win-crt-utility-l1-1-0.dll
0x00007ffc5b360000 - 0x00007ffc5b45c000 	C:\Program Files\Java\jdk1.8.0_241\jre\bin\ucrtbase.dll
0x00007ffc6eea0000 - 0x00007ffc6eeb5000 	C:\Program Files\Java\jdk1.8.0_241\jre\bin\vcruntime140.dll
0x00007ffc5b2c0000 - 0x00007ffc5b35b000 	C:\Program Files\Java\jdk1.8.0_241\jre\bin\msvcp140.dll
0x00007ffc6bf40000 - 0x00007ffc6bf91000 	C:\Program Files\Java\jdk1.8.0_241\jre\bin\concrt140.dll
0x00007ffc6e480000 - 0x00007ffc6e4a3000 	C:\Program Files\Java\jdk1.8.0_241\jre\bin\prism_d3d.dll
0x00007ffc6a250000 - 0x00007ffc6a417000 	C:\WINDOWS\system32\d3d9.dll
0x00007ffc70ac0000 - 0x00007ffc70aed000 	C:\WINDOWS\SYSTEM32\dwmapi.dll
0x00007ffc70e80000 - 0x00007ffc70ea0000 	C:\WINDOWS\SYSTEM32\dxcore.dll
0x00007ffc70570000 - 0x00007ffc70609000 	C:\WINDOWS\system32\uxtheme.dll
0x00007ffc5f440000 - 0x00007ffc5f52f000 	C:\WINDOWS\System32\DriverStore\FileRepository\nv_dispi.inf_amd64_71164464ccd46ae5\nvldumdx.dll
0x00007ffc72670000 - 0x00007ffc727b9000 	C:\WINDOWS\System32\crypt32.dll
0x00007ffc722b0000 - 0x00007ffc722c2000 	C:\WINDOWS\System32\MSASN1.dll
0x00007ffc727c0000 - 0x00007ffc7281c000 	C:\WINDOWS\System32\WINTRUST.DLL
0x00007ffc73ba0000 - 0x00007ffc73bbd000 	C:\WINDOWS\System32\imagehlp.dll
0x00007ffc715f0000 - 0x00007ffc71623000 	C:\WINDOWS\system32\rsaenh.dll
0x00007ffc724e0000 - 0x00007ffc72506000 	C:\WINDOWS\System32\bcrypt.dll
0x00007ffc71c50000 - 0x00007ffc71c5c000 	C:\WINDOWS\SYSTEM32\CRYPTBASE.dll
0x00007ffc0eee0000 - 0x00007ffc103e3000 	C:\WINDOWS\System32\DriverStore\FileRepository\nv_dispi.inf_amd64_71164464ccd46ae5\nvd3dumx.dll
0x00007ffc66960000 - 0x00007ffc669a5000 	C:\Program Files\Java\jdk1.8.0_241\jre\bin\glass.dll
0x00007ffc75220000 - 0x00007ffc752f0000 	C:\WINDOWS\System32\COMDLG32.dll
0x00007ffc74a60000 - 0x00007ffc74bb6000 	C:\WINDOWS\System32\ole32.dll
0x00007ffc74c40000 - 0x00007ffc74d04000 	C:\WINDOWS\System32\OLEAUT32.dll
0x00007ffc74270000 - 0x00007ffc743a5000 	C:\WINDOWS\System32\MSCTF.dll
0x00007ffc70e30000 - 0x00007ffc70e52000 	C:\WINDOWS\SYSTEM32\gpapi.dll
0x00007ffc6c280000 - 0x00007ffc6c2af000 	C:\WINDOWS\SYSTEM32\cryptnet.dll
0x00007ffc6eb00000 - 0x00007ffc6eb14000 	C:\Program Files\Java\jdk1.8.0_241\jre\bin\javafx_font.dll
0x00007ffc5ec80000 - 0x00007ffc5ef7e000 	C:\WINDOWS\SYSTEM32\dwrite.dll
0x00007ffc73ce0000 - 0x00007ffc73d82000 	C:\WINDOWS\System32\clbcatq.dll
0x00007ffc650d0000 - 0x00007ffc6527f000 	C:\WINDOWS\SYSTEM32\WindowsCodecs.dll
0x00007ffc4a4f0000 - 0x00007ffc4a52a000 	C:\WINDOWS\system32\dataexchange.dll
0x00007ffc6f9f0000 - 0x00007ffc6fc4b000 	C:\WINDOWS\system32\d3d11.dll
0x00007ffc6fc50000 - 0x00007ffc6fe2b000 	C:\WINDOWS\system32\dcomp.dll
0x00007ffc70f10000 - 0x00007ffc70ffb000 	C:\WINDOWS\system32\dxgi.dll
0x00007ffc70650000 - 0x00007ffc708aa000 	C:\WINDOWS\system32\twinapi.appcore.dll
0x00007ffc70a90000 - 0x00007ffc70ab9000 	C:\WINDOWS\system32\RMCLIENT.dll
0x00007ffc4ff30000 - 0x00007ffc4ff63000 	C:\Program Files\Common Files\Microsoft Shared\Ink\rtscom.dll
0x00007ffc64520000 - 0x00007ffc645be000 	C:\WINDOWS\System32\TextInputFramework.dll
0x00007ffc65ce0000 - 0x00007ffc6600a000 	C:\WINDOWS\System32\CoreUIComponents.dll
0x00007ffc701a0000 - 0x00007ffc70274000 	C:\WINDOWS\System32\CoreMessaging.dll
0x00007ffc71270000 - 0x00007ffc712a1000 	C:\WINDOWS\SYSTEM32\ntmarta.dll
0x00007ffc6e8a0000 - 0x00007ffc6e9f3000 	C:\WINDOWS\SYSTEM32\wintypes.dll
0x00007ffc609f0000 - 0x00007ffc60c96000 	C:\WINDOWS\System32\iertutil.dll
0x00007ffc6eac0000 - 0x00007ffc6ead1000 	C:\Program Files\Java\jdk1.8.0_241\jre\bin\prism_common.dll

VM Arguments:
jvm_args: -Dfile.encoding=UTF-8 
java_command: D:\Users\flofl\Documents\NetBeansProjects\FlaviusBorojan_Inventory\dist\run901623954\FlaviusBorojan_Inventory.jar
java_class_path (initial): D:\Users\flofl\Documents\NetBeansProjects\FlaviusBorojan_Inventory\dist\run901623954\FlaviusBorojan_Inventory.jar
Launcher Type: SUN_STANDARD

Environment Variables:
PATH=C:\Program Files (x86)\Common Files\Oracle\Java\javapath;D:\app\fborojan\product\12.2.0\dbhome_1\bin;C:\ProgramData\Oracle\Java\javapath;C:\Windows\system32;C:\Windows;C:\Windows\System32\Wbem;C:\Windows\System32\WindowsPowerShell\v1.0\;C:\WINDOWS\system32;C:\WINDOWS;C:\WINDOWS\System32\Wbem;C:\WINDOWS\System32\WindowsPowerShell\v1.0\;C:\Program Files (x86)\Skype\Phone\;C:\WINDOWS\System32\OpenSSH\;C:\Program Files\dotnet\;D:\Program Files\nodejs\;C:\Program Files\Git\cmd;C:\Program Files (x86)\NVIDIA Corporation\PhysX\Common;C:\Program Files\MySQL\MySQL Shell 8.0\bin\;C:\Users\flofl\AppData\Local\Programs\Microsoft VS Code\bin;C:\Users\flofl\AppData\Local\Google\Cloud SDK\google-cloud-sdk\bin
USERNAME=flavius8
OS=Windows_NT
PROCESSOR_IDENTIFIER=Intel64 Family 6 Model 42 Stepping 7, GenuineIntel



---------------  S Y S T E M  ---------------

OS: Windows 10.0 , 64 bit Build 18362 (10.0.18362.329)

CPU:total 8 (initial active 8) (4 cores per cpu, 2 threads per core) family 6 model 42 stepping 7, cmov, cx8, fxsr, mmx, sse, sse2, sse3, ssse3, sse4.1, sse4.2, popcnt, avx, aes, clmul, ht, tsc, tscinvbit

Memory: 4k page, physical 16692332k(1240596k free), swap 31277140k(4180k free)

vm_info: Java HotSpot(TM) 64-Bit Server VM (25.241-b07) for windows-amd64 JRE (1.8.0_241-b07), built on Dec 11 2019 10:21:40 by "rejava" with MS VC++ 10.0 (VS2010)

time: Wed Jan 22 04:05:50 2020
timezone: Central Standard Time
elapsed time: 7 seconds (0d 0h 0m 7s)

